********************************************************************************
DUPLICATOR-LITE PACKAGE-LOG: 3 February 2019 19 h 07 min
NOTICE: Do NOT post to public sites or forums 
********************************************************************************
VERSION:	1.3.4
WORDPRESS:	4.9.6
PHP INFO:	7.3.1 | SAPI: apache2handler
SERVER:		Apache/2.4.37 (Win32) OpenSSL/1.1.1a PHP/7.3.1 
PHP TIME LIMIT: (0) no time limit imposed 
PHP MAX MEMORY: 2048M (128M default) 
MEMORY STACK: 20MB 

********************************************************************************
DATABASE:
********************************************************************************
BUILD MODE:   MYSQLDUMP
MYSQLTIMEOUT: 5000
MYSQLDUMP:    Is Supported 
SQL CREATED: 20190203_madagascarwithus_00458d3a7f5455a24968_20190203190731_database.sql 
SQL FILE SIZE: 3.35MB (3510073) 
SQL FILE TIME: 2019-02-03 19:07:56 
SQL RUNTIME: 5.97 sec. 

******************************************************************************** 
ARCHIVE (ZIP): 
******************************************************************************** 
ARCHIVE DIR:  C:/xampp/htdocs/madawu 
ARCHIVE FILE: 20190203_madagascarwithus_00458d3a7f5455a24968_20190203190731_archive.zip 
FILTERS: *OFF* 
DIRS:
	not set 
FILES:
	not set 
EXTS:  not set 
---------------------------------------- 
COMPRESSING 
SIZE:	79.48MB 
STATS:	Dirs 358 | Files 2,736 
SQL ADDED: 20190203_madagascarwithus_00458d3a7f5455a24968_20190203190731_database.sql 
ZipArchive Object
(
    [status] => 0
    [statusSys] => 0
    [numFiles] => 3094
    [filename] => C:\xampp\htdocs\madawu\wp-snapshots\tmp\20190203_madagascarwithus_00458d3a7f5455a24968_20190203190731_archive.zip
    [comment] => 
)
 
COMPRESSION RESULT: '1' 
COMPRESSED SIZE: 35.06MB 
ARCHIVE RUNTIME: 35.60 sec. 
MEMORY STACK: 20MB 
building installer 
add_extra_files1 
add_extra_files2 
add_extra_files3 
add_extra_files4 
Doing archive file check 
add_extra_files5 
add_extra_files6 
add_extra_files8 
Successfully opened zip C:/xampp/htdocs/madawu/wp-snapshots/tmp/20190203_madagascarwithus_00458d3a7f5455a24968_20190203190731_archive.zip 
Adding enhanced installer files to archive using ZipArchive 
Installer files added to archive 
Added to archive 
After ziparchive close when adding installer 

******************************************************************************** 
INTEGRITY CHECKS: 
******************************************************************************** 
SQL File: 3.35MB 
Installer File: 34.62KB 
Archive File: 35.89MB  

********************************************************************************
RECORD ID:[1]
TOTAL PROCESS RUNTIME: 42.39 sec.
PEAK PHP MEMORY USED: 24MB
DONE PROCESSING => 20190203_madagascarwithus 3 February 2019 19 h 08 min
 
